<?xml version="1.0" encoding="UTF-8"?>
<testng-results ignored="0" total="3" passed="2" failed="1" skipped="0">
  <reporter-output>
  </reporter-output>
  <suite started-at="2026-03-28T16:29:17 PDT" name="RB Auction Search Suite" finished-at="2026-03-28T16:30:06 PDT" duration-ms="49029">
    <groups>
    </groups>
    <test started-at="2026-03-28T16:29:17 PDT" name="Search Tests" finished-at="2026-03-28T16:30:06 PDT" duration-ms="49029">
      <class name="com.rbauction.tests.smoke.SearchTests">
        <test-method is-config="true" signature="setUp(java.lang.reflect.Method)[pri:0, instance:com.rbauction.tests.smoke.SearchTests@1b955cac]" started-at="2026-03-28T16:29:17 PDT" name="setUp" finished-at="2026-03-28T16:29:20 PDT" duration-ms="3136" status="PASS">
          <params>
            <param index="0">
              <value>
                <![CDATA[public void com.rbauction.tests.smoke.SearchTests.testSearchWithYearFilter(java.lang.String,int)]]>
              </value>
            </param>
          </params>
          <reporter-output>
          </reporter-output>
        </test-method> <!-- setUp -->
        <test-method is-config="true" signature="setUp(java.lang.reflect.Method)[pri:0, instance:com.rbauction.tests.smoke.SearchTests@1b955cac]" started-at="2026-03-28T16:29:17 PDT" name="setUp" finished-at="2026-03-28T16:29:20 PDT" duration-ms="3135" status="PASS">
          <params>
            <param index="0">
              <value>
                <![CDATA[public void com.rbauction.tests.smoke.SearchTests.testSearchAndVerifyFirstResult(java.lang.String,java.lang.String)]]>
              </value>
            </param>
          </params>
          <reporter-output>
          </reporter-output>
        </test-method> <!-- setUp -->
        <test-method signature="testSearchAndVerifyFirstResult(java.lang.String,java.lang.String)[pri:0, instance:com.rbauction.tests.smoke.SearchTests@1b955cac]" started-at="2026-03-28T16:29:20 PDT" name="testSearchAndVerifyFirstResult" description="Search and verify first result contains expected term" data-provider="searchTerms" finished-at="2026-03-28T16:29:36 PDT" duration-ms="15794" status="PASS">
          <params>
            <param index="0">
              <value>
                <![CDATA[Ford F-150]]>
              </value>
            </param>
            <param index="1">
              <value>
                <![CDATA[Ford F-150]]>
              </value>
            </param>
          </params>
          <reporter-output>
          </reporter-output>
        </test-method> <!-- testSearchAndVerifyFirstResult -->
        <test-method signature="testSearchWithYearFilter(java.lang.String,int)[pri:0, instance:com.rbauction.tests.smoke.SearchTests@1b955cac]" started-at="2026-03-28T16:29:20 PDT" name="testSearchWithYearFilter" description="Search and apply year filter: verify result count changes" data-provider="yearFilter" finished-at="2026-03-28T16:29:59 PDT" duration-ms="38510" status="PASS">
          <params>
            <param index="0">
              <value>
                <![CDATA[F-150]]>
              </value>
            </param>
            <param index="1">
              <value>
                <![CDATA[2010]]>
              </value>
            </param>
          </params>
          <reporter-output>
          </reporter-output>
        </test-method> <!-- testSearchWithYearFilter -->
        <test-method is-config="true" signature="tearDown()[pri:0, instance:com.rbauction.tests.smoke.SearchTests@1b955cac]" started-at="2026-03-28T16:29:36 PDT" name="tearDown" finished-at="2026-03-28T16:29:36 PDT" duration-ms="234" status="PASS">
          <reporter-output>
          </reporter-output>
        </test-method> <!-- tearDown -->
        <test-method is-config="true" signature="setUp(java.lang.reflect.Method)[pri:0, instance:com.rbauction.tests.smoke.SearchTests@1b955cac]" started-at="2026-03-28T16:29:36 PDT" name="setUp" finished-at="2026-03-28T16:29:37 PDT" duration-ms="809" status="PASS">
          <params>
            <param index="0">
              <value>
                <![CDATA[public void com.rbauction.tests.smoke.SearchTests.testSearchAndVerifyFirstResult(java.lang.String,java.lang.String)]]>
              </value>
            </param>
          </params>
          <reporter-output>
          </reporter-output>
        </test-method> <!-- setUp -->
        <test-method signature="testSearchAndVerifyFirstResult(java.lang.String,java.lang.String)[pri:0, instance:com.rbauction.tests.smoke.SearchTests@1b955cac]" started-at="2026-03-28T16:29:37 PDT" name="testSearchAndVerifyFirstResult" description="Search and verify first result contains expected term" data-provider="searchTerms" finished-at="2026-03-28T16:30:06 PDT" duration-ms="28572" status="FAIL">
          <params>
            <param index="0">
              <value>
                <![CDATA[Chevrolet Colodrado]]>
              </value>
            </param>
            <param index="1">
              <value>
                <![CDATA[Chevrolet Colodrado]]>
              </value>
            </param>
          </params>
          <exception class="java.lang.AssertionError">
            <message>
              <![CDATA[First result should contain 'Chevrolet Colodrado', got: 2021 Chevrolet Silverado 1500 Custom 4x4 Crew Cab Pickup expected [true] but found [false]]]>
            </message>
            <full-stacktrace>
              <![CDATA[java.lang.AssertionError: First result should contain 'Chevrolet Colodrado', got: 2021 Chevrolet Silverado 1500 Custom 4x4 Crew Cab Pickup expected [true] but found [false]
at org.testng.Assert.fail(Assert.java:111)
at org.testng.Assert.failNotEquals(Assert.java:1578)
at org.testng.Assert.assertTrue(Assert.java:57)
at com.rbauction.tests.smoke.SearchTests.testSearchAndVerifyFirstResult(SearchTests.java:30)
at java.base/jdk.internal.reflect.DirectMethodHandleAccessor.invoke(DirectMethodHandleAccessor.java:103)
at java.base/java.lang.reflect.Method.invoke(Method.java:580)
at org.testng.internal.invokers.MethodInvocationHelper.invokeMethod(MethodInvocationHelper.java:141)
at org.testng.internal.invokers.TestInvoker.invokeMethod(TestInvoker.java:686)
at org.testng.internal.invokers.TestInvoker.invokeTestMethod(TestInvoker.java:230)
at org.testng.internal.invokers.MethodRunner.runInSequence(MethodRunner.java:63)
at org.testng.internal.invokers.TestInvoker$MethodInvocationAgent.invoke(TestInvoker.java:992)
at org.testng.internal.invokers.TestInvoker.invokeTestMethods(TestInvoker.java:203)
at org.testng.internal.invokers.TestMethodWorker.invokeTestMethods(TestMethodWorker.java:154)
at org.testng.internal.invokers.TestMethodWorker.run(TestMethodWorker.java:134)
at java.base/java.util.concurrent.Executors$RunnableAdapter.call(Executors.java:572)
at java.base/java.util.concurrent.FutureTask.run(FutureTask.java:317)
at org.testng.internal.thread.graph.TestNGFutureTask.run(TestNGFutureTask.java:22)
at java.base/java.util.concurrent.ThreadPoolExecutor.runWorker(ThreadPoolExecutor.java:1144)
at java.base/java.util.concurrent.ThreadPoolExecutor$Worker.run(ThreadPoolExecutor.java:642)
at java.base/java.lang.Thread.run(Thread.java:1583)
]]>
            </full-stacktrace>
          </exception> <!-- java.lang.AssertionError -->
          <reporter-output>
          </reporter-output>
        </test-method> <!-- testSearchAndVerifyFirstResult -->
        <test-method is-config="true" signature="tearDown()[pri:0, instance:com.rbauction.tests.smoke.SearchTests@1b955cac]" started-at="2026-03-28T16:29:59 PDT" name="tearDown" finished-at="2026-03-28T16:29:59 PDT" duration-ms="146" status="PASS">
          <reporter-output>
          </reporter-output>
        </test-method> <!-- tearDown -->
        <test-method is-config="true" signature="tearDown()[pri:0, instance:com.rbauction.tests.smoke.SearchTests@1b955cac]" started-at="2026-03-28T16:30:06 PDT" name="tearDown" finished-at="2026-03-28T16:30:06 PDT" duration-ms="111" status="PASS">
          <reporter-output>
          </reporter-output>
        </test-method> <!-- tearDown -->
      </class> <!-- com.rbauction.tests.smoke.SearchTests -->
    </test> <!-- Search Tests -->
  </suite> <!-- RB Auction Search Suite -->
</testng-results>
